<log4net>
    <!-- A1 is set to be a ConsoleAppender -->
    <appender name="A1" type="log4net.Appender.ConsoleAppender">

      <!-- A1 uses PatternLayout -->
      <layout type="log4net.Layout.PatternLayout">
        <!-- Print the date in ISO 8601 format -->
        <conversionPattern value="%date [%thread] %-5level %logger: %message%newline" />
      </layout>
    </appender>
	<appender name="RollingLogFileAppender" type="log4net.Appender.RollingFileAppender">
	    <file value="logfile.txt" />
		<appendToFile value="false" />
		<rollingStyle value="Size" />
		<maxSizeRollBackups value="-1" />
		<maximumFileSize value="50GB" />
		<layout type="log4net.Layout.PatternLayout">
			<conversionPattern value="%date [%thread] %-5level %logger: %message%newline" />
		</layout>
	</appender>
    <!-- Set root logger level to DEBUG and its only appender to A1 -->
    <root>
      <level value="INFO" />
      <appender-ref ref="A1" />
      <appender-ref ref="RollingLogFileAppender" />
    </root>

  <!-- Print only messages of level WARN or above in the package Com.Foo -->
  <logger name="LbcbConversions.LbcbActuator">
    <level value="INFO" />
  </logger>
  <logger name="LbcbConversions.Lbcb">
    <level value="INFO" />
  </logger>
  <logger name="LbcbConversions.RigidTransform">
    <level value="INFO" />
  </logger>
  <logger name="LbcbConversions.LbcbConversion">
    <level value="DEBUG" />
  </logger>
</log4net>
